mode: set
github.com/mrhenry/go-getstream/feed.go:26.42,28.2 1 0
github.com/mrhenry/go-getstream/feed.go:31.39,33.2 1 0
github.com/mrhenry/go-getstream/feed.go:36.48,38.2 1 0
github.com/mrhenry/go-getstream/feed.go:41.38,43.2 1 0
github.com/mrhenry/go-getstream/feed.go:46.60,48.2 1 0
github.com/mrhenry/go-getstream/feed-flat-http.go:11.87,14.2 2 0
github.com/mrhenry/go-getstream/feed-flat-http.go:17.88,20.2 2 0
github.com/mrhenry/go-getstream/feed-flat-http.go:23.77,26.2 2 0
github.com/mrhenry/go-getstream/feed-flat-http.go:29.99,33.16 2 0
github.com/mrhenry/go-getstream/feed-flat-http.go:38.2,39.16 2 0
github.com/mrhenry/go-getstream/feed-flat-http.go:44.2,45.21 2 0
github.com/mrhenry/go-getstream/feed-flat-http.go:50.2,51.16 2 0
github.com/mrhenry/go-getstream/feed-flat-http.go:54.2,58.16 3 0
github.com/mrhenry/go-getstream/feed-flat-http.go:63.2,63.9 1 0
github.com/mrhenry/go-getstream/feed-flat-http.go:33.16,35.3 1 0
github.com/mrhenry/go-getstream/feed-flat-http.go:39.16,41.3 1 0
github.com/mrhenry/go-getstream/feed-flat-http.go:45.21,47.3 1 0
github.com/mrhenry/go-getstream/feed-flat-http.go:51.16,53.3 1 0
github.com/mrhenry/go-getstream/feed-flat-http.go:58.16,60.3 1 0
github.com/mrhenry/go-getstream/feed-flat-http.go:64.2,65.18 1 0
github.com/mrhenry/go-getstream/feed-flat-http.go:68.3,68.18 1 0
github.com/mrhenry/go-getstream/feed-flat-http.go:69.2,72.17 3 0
github.com/mrhenry/go-getstream/feed-flat-http.go:75.3,75.23 1 0
github.com/mrhenry/go-getstream/feed-flat-http.go:65.18,67.4 1 0
github.com/mrhenry/go-getstream/feed-flat-http.go:72.17,74.4 1 0
github.com/mrhenry/go-getstream/feed-notification-http.go:12.95,15.2 2 0
github.com/mrhenry/go-getstream/feed-notification-http.go:18.96,21.2 2 0
github.com/mrhenry/go-getstream/feed-notification-http.go:24.85,27.2 2 0
github.com/mrhenry/go-getstream/feed-notification-http.go:30.107,34.16 2 0
github.com/mrhenry/go-getstream/feed-notification-http.go:39.2,40.16 2 0
github.com/mrhenry/go-getstream/feed-notification-http.go:45.2,46.21 2 0
github.com/mrhenry/go-getstream/feed-notification-http.go:51.2,52.16 2 0
github.com/mrhenry/go-getstream/feed-notification-http.go:55.2,59.16 3 0
github.com/mrhenry/go-getstream/feed-notification-http.go:63.2,66.9 2 0
github.com/mrhenry/go-getstream/feed-notification-http.go:34.16,36.3 1 0
github.com/mrhenry/go-getstream/feed-notification-http.go:40.16,42.3 1 0
github.com/mrhenry/go-getstream/feed-notification-http.go:46.21,48.3 1 0
github.com/mrhenry/go-getstream/feed-notification-http.go:52.16,54.3 1 0
github.com/mrhenry/go-getstream/feed-notification-http.go:59.16,61.3 1 0
github.com/mrhenry/go-getstream/feed-notification-http.go:67.2,68.18 1 0
github.com/mrhenry/go-getstream/feed-notification-http.go:71.3,71.18 1 0
github.com/mrhenry/go-getstream/feed-notification-http.go:72.2,75.17 3 0
github.com/mrhenry/go-getstream/feed-notification-http.go:78.3,78.23 1 0
github.com/mrhenry/go-getstream/feed-notification-http.go:68.18,70.4 1 0
github.com/mrhenry/go-getstream/feed-notification-http.go:75.17,77.4 1 0
github.com/mrhenry/go-getstream/feed-notification-io.go:28.87,39.23 2 0
github.com/mrhenry/go-getstream/feed-notification-io.go:51.2,53.24 2 0
github.com/mrhenry/go-getstream/feed-notification-io.go:59.2,59.28 1 0
github.com/mrhenry/go-getstream/feed-notification-io.go:67.2,67.20 1 0
github.com/mrhenry/go-getstream/feed-notification-io.go:39.23,41.17 2 0
github.com/mrhenry/go-getstream/feed-notification-io.go:44.3,44.34 1 0
github.com/mrhenry/go-getstream/feed-notification-io.go:48.3,48.32 1 0
github.com/mrhenry/go-getstream/feed-notification-io.go:41.17,43.4 1 0
github.com/mrhenry/go-getstream/feed-notification-io.go:44.34,46.4 1 0
github.com/mrhenry/go-getstream/feed-notification-io.go:53.24,55.3 1 0
github.com/mrhenry/go-getstream/feed-notification-io.go:55.3,57.3 1 0
github.com/mrhenry/go-getstream/feed-notification-io.go:59.28,61.25 2 0
github.com/mrhenry/go-getstream/feed-notification-io.go:64.3,64.34 1 0
github.com/mrhenry/go-getstream/feed-notification-io.go:61.25,63.4 1 0
github.com/mrhenry/go-getstream/feed-notification-io.go:98.82,110.21 2 0
github.com/mrhenry/go-getstream/feed-notification-io.go:117.2,117.29 1 0
github.com/mrhenry/go-getstream/feed-notification-io.go:120.2,120.18 1 0
github.com/mrhenry/go-getstream/feed-notification-io.go:110.21,112.17 2 0
github.com/mrhenry/go-getstream/feed-notification-io.go:112.17,114.4 1 0
github.com/mrhenry/go-getstream/feed-notification-io.go:117.29,119.3 1 0
github.com/mrhenry/go-getstream/feed-notification-io.go:149.72,156.40 2 0
github.com/mrhenry/go-getstream/feed-notification-io.go:160.2,160.16 1 0
github.com/mrhenry/go-getstream/feed-notification-io.go:156.40,158.3 1 0
github.com/mrhenry/go-getstream/feed-notification-io.go:175.81,187.21 2 0
github.com/mrhenry/go-getstream/feed-notification-io.go:194.2,196.18 2 0
github.com/mrhenry/go-getstream/feed-notification-io.go:187.21,189.17 2 0
github.com/mrhenry/go-getstream/feed-notification-io.go:189.17,191.4 1 0
github.com/mrhenry/go-getstream/feed-notification-io.go:199.85,201.24 1 0
github.com/mrhenry/go-getstream/feed-notification-io.go:201.24,206.17 3 0
github.com/mrhenry/go-getstream/feed-notification-io.go:210.3,210.12 1 0
github.com/mrhenry/go-getstream/feed-notification-io.go:219.3,219.43 1 0
github.com/mrhenry/go-getstream/feed-notification-io.go:206.17,207.12 1 0
github.com/mrhenry/go-getstream/feed-notification-io.go:210.12,217.4 5 0
github.com/mrhenry/go-getstream/feed-flat.go:20.39,22.2 1 0
github.com/mrhenry/go-getstream/feed-flat.go:25.36,27.2 1 0
github.com/mrhenry/go-getstream/feed-flat.go:30.45,32.2 1 1
github.com/mrhenry/go-getstream/feed-flat.go:35.35,37.2 1 0
github.com/mrhenry/go-getstream/feed-flat.go:40.57,42.2 1 0
github.com/mrhenry/go-getstream/feed-flat.go:45.87,48.16 2 0
github.com/mrhenry/go-getstream/feed-flat.go:52.2,53.16 2 0
github.com/mrhenry/go-getstream/feed-flat.go:57.2,60.16 3 0
github.com/mrhenry/go-getstream/feed-flat.go:64.2,66.16 3 0
github.com/mrhenry/go-getstream/feed-flat.go:70.2,70.31 1 0
github.com/mrhenry/go-getstream/feed-flat.go:48.16,50.3 1 0
github.com/mrhenry/go-getstream/feed-flat.go:53.16,55.3 1 0
github.com/mrhenry/go-getstream/feed-flat.go:60.16,62.3 1 0
github.com/mrhenry/go-getstream/feed-flat.go:66.16,68.3 1 0
github.com/mrhenry/go-getstream/feed-flat.go:74.95,78.38 2 0
github.com/mrhenry/go-getstream/feed-flat.go:86.2,89.16 2 0
github.com/mrhenry/go-getstream/feed-flat.go:93.2,96.16 3 0
github.com/mrhenry/go-getstream/feed-flat.go:100.2,102.16 3 0
github.com/mrhenry/go-getstream/feed-flat.go:106.2,107.51 2 0
github.com/mrhenry/go-getstream/feed-flat.go:112.2,112.30 1 0
github.com/mrhenry/go-getstream/feed-flat.go:78.38,80.17 2 0
github.com/mrhenry/go-getstream/feed-flat.go:83.3,83.36 1 0
github.com/mrhenry/go-getstream/feed-flat.go:80.17,82.4 1 0
github.com/mrhenry/go-getstream/feed-flat.go:89.16,91.3 1 0
github.com/mrhenry/go-getstream/feed-flat.go:96.16,98.3 1 0
github.com/mrhenry/go-getstream/feed-flat.go:102.16,104.3 1 0
github.com/mrhenry/go-getstream/feed-flat.go:107.51,110.3 2 0
github.com/mrhenry/go-getstream/feed-flat.go:116.84,119.16 2 0
github.com/mrhenry/go-getstream/feed-flat.go:123.2,126.16 3 0
github.com/mrhenry/go-getstream/feed-flat.go:130.2,132.16 3 0
github.com/mrhenry/go-getstream/feed-flat.go:136.2,136.29 1 0
github.com/mrhenry/go-getstream/feed-flat.go:119.16,121.3 1 0
github.com/mrhenry/go-getstream/feed-flat.go:126.16,128.3 1 0
github.com/mrhenry/go-getstream/feed-flat.go:132.16,134.3 1 0
github.com/mrhenry/go-getstream/feed-flat.go:140.66,145.2 2 0
github.com/mrhenry/go-getstream/feed-flat.go:148.77,151.16 2 0
github.com/mrhenry/go-getstream/feed-flat.go:154.2,154.37 1 0
github.com/mrhenry/go-getstream/feed-flat.go:158.2,158.27 1 0
github.com/mrhenry/go-getstream/feed-flat.go:162.2,167.16 3 0
github.com/mrhenry/go-getstream/feed-flat.go:171.2,171.48 1 0
github.com/mrhenry/go-getstream/feed-flat.go:151.16,153.3 1 0
github.com/mrhenry/go-getstream/feed-flat.go:154.37,156.3 1 0
github.com/mrhenry/go-getstream/feed-flat.go:158.27,160.3 1 0
github.com/mrhenry/go-getstream/feed-flat.go:167.16,169.3 1 0
github.com/mrhenry/go-getstream/feed-flat.go:176.83,185.16 4 0
github.com/mrhenry/go-getstream/feed-flat.go:189.2,190.12 2 0
github.com/mrhenry/go-getstream/feed-flat.go:185.16,187.3 1 0
github.com/mrhenry/go-getstream/feed-flat.go:195.53,201.2 2 0
github.com/mrhenry/go-getstream/feed-flat.go:205.67,212.16 3 0
github.com/mrhenry/go-getstream/feed-flat.go:216.2,216.48 1 0
github.com/mrhenry/go-getstream/feed-flat.go:212.16,214.3 1 0
github.com/mrhenry/go-getstream/feed-flat.go:221.91,229.16 3 0
github.com/mrhenry/go-getstream/feed-flat.go:233.2,237.16 4 0
github.com/mrhenry/go-getstream/feed-flat.go:241.2,242.40 2 0
github.com/mrhenry/go-getstream/feed-flat.go:261.2,261.25 1 0
github.com/mrhenry/go-getstream/feed-flat.go:229.16,231.3 1 0
github.com/mrhenry/go-getstream/feed-flat.go:237.16,239.3 1 0
github.com/mrhenry/go-getstream/feed-flat.go:242.40,247.17 3 0
github.com/mrhenry/go-getstream/feed-flat.go:251.3,251.12 1 0
github.com/mrhenry/go-getstream/feed-flat.go:258.3,258.43 1 0
github.com/mrhenry/go-getstream/feed-flat.go:247.17,248.12 1 0
github.com/mrhenry/go-getstream/feed-flat.go:251.12,256.4 3 0
github.com/mrhenry/go-getstream/feed-flat.go:266.91,274.16 3 0
github.com/mrhenry/go-getstream/feed-flat.go:278.2,282.16 4 0
github.com/mrhenry/go-getstream/feed-flat.go:286.2,287.40 2 0
github.com/mrhenry/go-getstream/feed-flat.go:306.2,306.25 1 0
github.com/mrhenry/go-getstream/feed-flat.go:274.16,276.3 1 0
github.com/mrhenry/go-getstream/feed-flat.go:282.16,284.3 1 0
github.com/mrhenry/go-getstream/feed-flat.go:287.40,292.17 3 0
github.com/mrhenry/go-getstream/feed-flat.go:296.3,296.12 1 0
github.com/mrhenry/go-getstream/feed-flat.go:303.3,303.43 1 0
github.com/mrhenry/go-getstream/feed-flat.go:292.17,293.12 1 0
github.com/mrhenry/go-getstream/feed-flat.go:296.12,301.4 3 0
github.com/mrhenry/go-getstream/feed-notification.go:20.47,22.2 1 0
github.com/mrhenry/go-getstream/feed-notification.go:25.44,27.2 1 0
github.com/mrhenry/go-getstream/feed-notification.go:30.53,32.2 1 1
github.com/mrhenry/go-getstream/feed-notification.go:35.43,37.2 1 0
github.com/mrhenry/go-getstream/feed-notification.go:40.65,42.2 1 0
github.com/mrhenry/go-getstream/feed-notification.go:45.111,48.16 2 0
github.com/mrhenry/go-getstream/feed-notification.go:52.2,53.16 2 0
github.com/mrhenry/go-getstream/feed-notification.go:57.2,60.16 3 0
github.com/mrhenry/go-getstream/feed-notification.go:64.2,66.16 3 0
github.com/mrhenry/go-getstream/feed-notification.go:70.2,70.31 1 0
github.com/mrhenry/go-getstream/feed-notification.go:48.16,50.3 1 0
github.com/mrhenry/go-getstream/feed-notification.go:53.16,55.3 1 0
github.com/mrhenry/go-getstream/feed-notification.go:60.16,62.3 1 0
github.com/mrhenry/go-getstream/feed-notification.go:66.16,68.3 1 0
github.com/mrhenry/go-getstream/feed-notification.go:74.119,78.38 2 0
github.com/mrhenry/go-getstream/feed-notification.go:86.2,89.16 2 0
github.com/mrhenry/go-getstream/feed-notification.go:93.2,96.16 3 0
github.com/mrhenry/go-getstream/feed-notification.go:100.2,102.16 3 0
github.com/mrhenry/go-getstream/feed-notification.go:106.2,107.51 2 0
github.com/mrhenry/go-getstream/feed-notification.go:112.2,112.30 1 0
github.com/mrhenry/go-getstream/feed-notification.go:78.38,80.17 2 0
github.com/mrhenry/go-getstream/feed-notification.go:83.3,83.36 1 0
github.com/mrhenry/go-getstream/feed-notification.go:80.17,82.4 1 0
github.com/mrhenry/go-getstream/feed-notification.go:89.16,91.3 1 0
github.com/mrhenry/go-getstream/feed-notification.go:96.16,98.3 1 0
github.com/mrhenry/go-getstream/feed-notification.go:102.16,104.3 1 0
github.com/mrhenry/go-getstream/feed-notification.go:107.51,110.3 2 0
github.com/mrhenry/go-getstream/feed-notification.go:116.108,119.16 2 0
github.com/mrhenry/go-getstream/feed-notification.go:123.2,126.16 3 0
github.com/mrhenry/go-getstream/feed-notification.go:130.2,132.16 3 0
github.com/mrhenry/go-getstream/feed-notification.go:136.2,136.29 1 0
github.com/mrhenry/go-getstream/feed-notification.go:119.16,121.3 1 0
github.com/mrhenry/go-getstream/feed-notification.go:126.16,128.3 1 0
github.com/mrhenry/go-getstream/feed-notification.go:132.16,134.3 1 0
github.com/mrhenry/go-getstream/feed-notification.go:140.82,145.2 2 0
github.com/mrhenry/go-getstream/feed-notification.go:148.93,151.16 2 0
github.com/mrhenry/go-getstream/feed-notification.go:154.2,154.37 1 0
github.com/mrhenry/go-getstream/feed-notification.go:158.2,158.27 1 0
github.com/mrhenry/go-getstream/feed-notification.go:162.2,167.16 3 0
github.com/mrhenry/go-getstream/feed-notification.go:171.2,171.48 1 0
github.com/mrhenry/go-getstream/feed-notification.go:151.16,153.3 1 0
github.com/mrhenry/go-getstream/feed-notification.go:154.37,156.3 1 0
github.com/mrhenry/go-getstream/feed-notification.go:158.27,160.3 1 0
github.com/mrhenry/go-getstream/feed-notification.go:167.16,169.3 1 0
github.com/mrhenry/go-getstream/feed-notification.go:176.91,185.16 4 0
github.com/mrhenry/go-getstream/feed-notification.go:189.2,190.12 2 0
github.com/mrhenry/go-getstream/feed-notification.go:185.16,187.3 1 0
github.com/mrhenry/go-getstream/feed-notification.go:195.61,201.2 2 0
github.com/mrhenry/go-getstream/feed-notification.go:205.75,212.16 3 0
github.com/mrhenry/go-getstream/feed-notification.go:216.2,216.48 1 0
github.com/mrhenry/go-getstream/feed-notification.go:212.16,214.3 1 0
github.com/mrhenry/go-getstream/feed-notification.go:221.99,229.16 3 0
github.com/mrhenry/go-getstream/feed-notification.go:233.2,237.16 4 0
github.com/mrhenry/go-getstream/feed-notification.go:241.2,242.40 2 0
github.com/mrhenry/go-getstream/feed-notification.go:261.2,261.25 1 0
github.com/mrhenry/go-getstream/feed-notification.go:229.16,231.3 1 0
github.com/mrhenry/go-getstream/feed-notification.go:237.16,239.3 1 0
github.com/mrhenry/go-getstream/feed-notification.go:242.40,247.17 3 0
github.com/mrhenry/go-getstream/feed-notification.go:251.3,251.12 1 0
github.com/mrhenry/go-getstream/feed-notification.go:258.3,258.43 1 0
github.com/mrhenry/go-getstream/feed-notification.go:247.17,248.12 1 0
github.com/mrhenry/go-getstream/feed-notification.go:251.12,256.4 3 0
github.com/mrhenry/go-getstream/signer.go:15.44,20.2 4 1
github.com/mrhenry/go-getstream/signer.go:23.54,31.2 7 1
github.com/mrhenry/go-getstream/client.go:31.64,33.20 2 1
github.com/mrhenry/go-getstream/client.go:37.2,38.16 2 1
github.com/mrhenry/go-getstream/client.go:42.2,56.8 1 1
github.com/mrhenry/go-getstream/client.go:33.20,35.3 1 1
github.com/mrhenry/go-getstream/client.go:38.16,40.3 1 1
github.com/mrhenry/go-getstream/client.go:63.78,66.16 2 1
github.com/mrhenry/go-getstream/client.go:70.2,73.56 3 1
github.com/mrhenry/go-getstream/client.go:77.2,84.18 3 1
github.com/mrhenry/go-getstream/client.go:66.16,68.3 1 0
github.com/mrhenry/go-getstream/client.go:73.56,75.3 1 1
github.com/mrhenry/go-getstream/client.go:91.94,94.16 2 1
github.com/mrhenry/go-getstream/client.go:98.2,101.56 3 1
github.com/mrhenry/go-getstream/client.go:105.2,112.18 3 1
github.com/mrhenry/go-getstream/client.go:94.16,96.3 1 0
github.com/mrhenry/go-getstream/client.go:101.56,103.3 1 1
github.com/mrhenry/go-getstream/client.go:116.37,118.2 1 1
github.com/mrhenry/go-getstream/client.go:121.61,124.16 2 1
github.com/mrhenry/go-getstream/client.go:130.2,134.22 4 1
github.com/mrhenry/go-getstream/client.go:139.2,141.20 2 1
github.com/mrhenry/go-getstream/client.go:124.16,126.3 1 1
github.com/mrhenry/go-getstream/client.go:134.22,136.3 1 1
github.com/mrhenry/go-getstream/client.go:136.3,138.3 1 1
github.com/mrhenry/go-getstream/error.go:20.42,22.16 2 1
github.com/mrhenry/go-getstream/error.go:26.2,26.15 1 1
github.com/mrhenry/go-getstream/error.go:22.16,24.3 1 1
github.com/mrhenry/go-getstream/error.go:29.34,31.27 2 1
github.com/mrhenry/go-getstream/error.go:37.2,37.22 1 1
github.com/mrhenry/go-getstream/error.go:41.2,41.12 1 1
github.com/mrhenry/go-getstream/error.go:31.27,32.47 1 1
github.com/mrhenry/go-getstream/error.go:32.47,34.4 1 1
github.com/mrhenry/go-getstream/error.go:37.22,39.3 1 1
github.com/mrhenry/go-getstream/feed-flat-io.go:28.71,39.23 2 0
github.com/mrhenry/go-getstream/feed-flat-io.go:51.2,53.24 2 0
github.com/mrhenry/go-getstream/feed-flat-io.go:59.2,59.28 1 0
github.com/mrhenry/go-getstream/feed-flat-io.go:67.2,67.20 1 0
github.com/mrhenry/go-getstream/feed-flat-io.go:39.23,41.17 2 0
github.com/mrhenry/go-getstream/feed-flat-io.go:44.3,44.34 1 0
github.com/mrhenry/go-getstream/feed-flat-io.go:48.3,48.32 1 0
github.com/mrhenry/go-getstream/feed-flat-io.go:41.17,43.4 1 0
github.com/mrhenry/go-getstream/feed-flat-io.go:44.34,46.4 1 0
github.com/mrhenry/go-getstream/feed-flat-io.go:53.24,55.3 1 0
github.com/mrhenry/go-getstream/feed-flat-io.go:55.3,57.3 1 0
github.com/mrhenry/go-getstream/feed-flat-io.go:59.28,61.25 2 0
github.com/mrhenry/go-getstream/feed-flat-io.go:64.3,64.34 1 0
github.com/mrhenry/go-getstream/feed-flat-io.go:61.25,63.4 1 0
github.com/mrhenry/go-getstream/feed-flat-io.go:98.66,110.21 2 0
github.com/mrhenry/go-getstream/feed-flat-io.go:117.2,117.29 1 0
github.com/mrhenry/go-getstream/feed-flat-io.go:120.2,120.18 1 0
github.com/mrhenry/go-getstream/feed-flat-io.go:110.21,112.17 2 0
github.com/mrhenry/go-getstream/feed-flat-io.go:112.17,114.4 1 0
github.com/mrhenry/go-getstream/feed-flat-io.go:117.29,119.3 1 0
github.com/mrhenry/go-getstream/feed-flat-io.go:149.56,156.40 2 0
github.com/mrhenry/go-getstream/feed-flat-io.go:160.2,160.16 1 0
github.com/mrhenry/go-getstream/feed-flat-io.go:156.40,158.3 1 0
github.com/mrhenry/go-getstream/feed-flat-io.go:175.65,187.21 2 0
github.com/mrhenry/go-getstream/feed-flat-io.go:194.2,196.18 2 0
github.com/mrhenry/go-getstream/feed-flat-io.go:187.21,189.17 2 0
github.com/mrhenry/go-getstream/feed-flat-io.go:189.17,191.4 1 0
github.com/mrhenry/go-getstream/feed-flat-io.go:199.69,201.24 1 0
github.com/mrhenry/go-getstream/feed-flat-io.go:201.24,206.17 3 0
github.com/mrhenry/go-getstream/feed-flat-io.go:210.3,210.12 1 0
github.com/mrhenry/go-getstream/feed-flat-io.go:219.3,219.43 1 0
github.com/mrhenry/go-getstream/feed-flat-io.go:206.17,207.12 1 0
github.com/mrhenry/go-getstream/feed-flat-io.go:210.12,217.4 5 0
