mode: set
github.com/mrhenry/go-getstream/signer.go:15.44,20.2 4 1
github.com/mrhenry/go-getstream/signer.go:23.54,31.2 7 1
github.com/mrhenry/go-getstream/client.go:31.64,33.20 2 1
github.com/mrhenry/go-getstream/client.go:37.2,38.16 2 1
github.com/mrhenry/go-getstream/client.go:42.2,56.8 1 1
github.com/mrhenry/go-getstream/client.go:33.20,35.3 1 1
github.com/mrhenry/go-getstream/client.go:38.16,40.3 1 1
github.com/mrhenry/go-getstream/client.go:63.78,66.16 2 1
github.com/mrhenry/go-getstream/client.go:70.2,73.56 3 1
github.com/mrhenry/go-getstream/client.go:77.2,84.18 3 1
github.com/mrhenry/go-getstream/client.go:66.16,68.3 1 0
github.com/mrhenry/go-getstream/client.go:73.56,75.3 1 1
github.com/mrhenry/go-getstream/client.go:91.94,94.16 2 1
github.com/mrhenry/go-getstream/client.go:98.2,101.56 3 1
github.com/mrhenry/go-getstream/client.go:105.2,112.18 3 1
github.com/mrhenry/go-getstream/client.go:94.16,96.3 1 0
github.com/mrhenry/go-getstream/client.go:101.56,103.3 1 1
github.com/mrhenry/go-getstream/client.go:116.37,118.2 1 1
github.com/mrhenry/go-getstream/client.go:121.61,124.16 2 1
github.com/mrhenry/go-getstream/client.go:130.2,134.22 4 1
github.com/mrhenry/go-getstream/client.go:139.2,141.20 2 1
github.com/mrhenry/go-getstream/client.go:124.16,126.3 1 1
github.com/mrhenry/go-getstream/client.go:134.22,136.3 1 1
github.com/mrhenry/go-getstream/client.go:136.3,138.3 1 1
github.com/mrhenry/go-getstream/error.go:20.42,22.16 2 1
github.com/mrhenry/go-getstream/error.go:26.2,26.15 1 1
github.com/mrhenry/go-getstream/error.go:22.16,24.3 1 1
github.com/mrhenry/go-getstream/error.go:29.32,31.25 2 1
github.com/mrhenry/go-getstream/error.go:37.2,37.20 1 1
github.com/mrhenry/go-getstream/error.go:41.2,41.12 1 1
github.com/mrhenry/go-getstream/error.go:31.25,32.45 1 1
github.com/mrhenry/go-getstream/error.go:32.45,34.4 1 1
github.com/mrhenry/go-getstream/error.go:37.20,39.3 1 1
github.com/mrhenry/go-getstream/feed_flat.go:20.39,21.21 1 1
github.com/mrhenry/go-getstream/feed_flat.go:24.2,24.48 1 1
github.com/mrhenry/go-getstream/feed_flat.go:21.21,23.3 1 1
github.com/mrhenry/go-getstream/feed_flat.go:28.36,30.2 1 1
github.com/mrhenry/go-getstream/feed_flat.go:33.45,35.2 1 1
github.com/mrhenry/go-getstream/feed_flat.go:38.35,40.2 1 1
github.com/mrhenry/go-getstream/feed_flat.go:43.57,45.2 1 1
github.com/mrhenry/go-getstream/feed_flat.go:48.87,51.16 2 0
github.com/mrhenry/go-getstream/feed_flat.go:55.2,56.16 2 0
github.com/mrhenry/go-getstream/feed_flat.go:60.2,63.16 3 0
github.com/mrhenry/go-getstream/feed_flat.go:67.2,69.16 3 0
github.com/mrhenry/go-getstream/feed_flat.go:73.2,73.31 1 0
github.com/mrhenry/go-getstream/feed_flat.go:51.16,53.3 1 0
github.com/mrhenry/go-getstream/feed_flat.go:56.16,58.3 1 0
github.com/mrhenry/go-getstream/feed_flat.go:63.16,65.3 1 0
github.com/mrhenry/go-getstream/feed_flat.go:69.16,71.3 1 0
github.com/mrhenry/go-getstream/feed_flat.go:77.95,81.38 2 0
github.com/mrhenry/go-getstream/feed_flat.go:89.2,92.16 2 0
github.com/mrhenry/go-getstream/feed_flat.go:96.2,99.16 3 0
github.com/mrhenry/go-getstream/feed_flat.go:103.2,105.16 3 0
github.com/mrhenry/go-getstream/feed_flat.go:109.2,110.51 2 0
github.com/mrhenry/go-getstream/feed_flat.go:115.2,115.30 1 0
github.com/mrhenry/go-getstream/feed_flat.go:81.38,83.17 2 0
github.com/mrhenry/go-getstream/feed_flat.go:86.3,86.36 1 0
github.com/mrhenry/go-getstream/feed_flat.go:83.17,85.4 1 0
github.com/mrhenry/go-getstream/feed_flat.go:92.16,94.3 1 0
github.com/mrhenry/go-getstream/feed_flat.go:99.16,101.3 1 0
github.com/mrhenry/go-getstream/feed_flat.go:105.16,107.3 1 0
github.com/mrhenry/go-getstream/feed_flat.go:110.51,113.3 2 0
github.com/mrhenry/go-getstream/feed_flat.go:119.84,122.16 2 0
github.com/mrhenry/go-getstream/feed_flat.go:126.2,129.16 3 0
github.com/mrhenry/go-getstream/feed_flat.go:133.2,135.16 3 0
github.com/mrhenry/go-getstream/feed_flat.go:139.2,139.29 1 0
github.com/mrhenry/go-getstream/feed_flat.go:122.16,124.3 1 0
github.com/mrhenry/go-getstream/feed_flat.go:129.16,131.3 1 0
github.com/mrhenry/go-getstream/feed_flat.go:135.16,137.3 1 0
github.com/mrhenry/go-getstream/feed_flat.go:143.66,148.2 2 0
github.com/mrhenry/go-getstream/feed_flat.go:151.77,154.16 2 0
github.com/mrhenry/go-getstream/feed_flat.go:157.2,157.37 1 0
github.com/mrhenry/go-getstream/feed_flat.go:161.2,161.27 1 0
github.com/mrhenry/go-getstream/feed_flat.go:165.2,170.16 3 0
github.com/mrhenry/go-getstream/feed_flat.go:174.2,174.48 1 0
github.com/mrhenry/go-getstream/feed_flat.go:154.16,156.3 1 0
github.com/mrhenry/go-getstream/feed_flat.go:157.37,159.3 1 0
github.com/mrhenry/go-getstream/feed_flat.go:161.27,163.3 1 0
github.com/mrhenry/go-getstream/feed_flat.go:170.16,172.3 1 0
github.com/mrhenry/go-getstream/feed_flat.go:179.83,188.16 4 0
github.com/mrhenry/go-getstream/feed_flat.go:192.2,193.12 2 0
github.com/mrhenry/go-getstream/feed_flat.go:188.16,190.3 1 0
github.com/mrhenry/go-getstream/feed_flat.go:198.53,204.2 2 0
github.com/mrhenry/go-getstream/feed_flat.go:208.67,215.16 3 0
github.com/mrhenry/go-getstream/feed_flat.go:219.2,219.48 1 0
github.com/mrhenry/go-getstream/feed_flat.go:215.16,217.3 1 0
github.com/mrhenry/go-getstream/feed_flat.go:224.91,232.16 3 0
github.com/mrhenry/go-getstream/feed_flat.go:236.2,240.16 4 0
github.com/mrhenry/go-getstream/feed_flat.go:244.2,245.40 2 0
github.com/mrhenry/go-getstream/feed_flat.go:264.2,264.25 1 0
github.com/mrhenry/go-getstream/feed_flat.go:232.16,234.3 1 0
github.com/mrhenry/go-getstream/feed_flat.go:240.16,242.3 1 0
github.com/mrhenry/go-getstream/feed_flat.go:245.40,250.17 3 0
github.com/mrhenry/go-getstream/feed_flat.go:254.3,254.12 1 0
github.com/mrhenry/go-getstream/feed_flat.go:261.3,261.43 1 0
github.com/mrhenry/go-getstream/feed_flat.go:250.17,251.12 1 0
github.com/mrhenry/go-getstream/feed_flat.go:254.12,259.4 3 0
github.com/mrhenry/go-getstream/feed_flat.go:269.91,277.16 3 0
github.com/mrhenry/go-getstream/feed_flat.go:281.2,285.16 4 0
github.com/mrhenry/go-getstream/feed_flat.go:289.2,290.40 2 0
github.com/mrhenry/go-getstream/feed_flat.go:309.2,309.25 1 0
github.com/mrhenry/go-getstream/feed_flat.go:277.16,279.3 1 0
github.com/mrhenry/go-getstream/feed_flat.go:285.16,287.3 1 0
github.com/mrhenry/go-getstream/feed_flat.go:290.40,295.17 3 0
github.com/mrhenry/go-getstream/feed_flat.go:299.3,299.12 1 0
github.com/mrhenry/go-getstream/feed_flat.go:306.3,306.43 1 0
github.com/mrhenry/go-getstream/feed_flat.go:295.17,296.12 1 0
github.com/mrhenry/go-getstream/feed_flat.go:299.12,304.4 3 0
github.com/mrhenry/go-getstream/feed_flat_http.go:11.87,14.2 2 0
github.com/mrhenry/go-getstream/feed_flat_http.go:17.88,20.2 2 0
github.com/mrhenry/go-getstream/feed_flat_http.go:23.77,26.2 2 0
github.com/mrhenry/go-getstream/feed_flat_http.go:29.99,33.16 2 0
github.com/mrhenry/go-getstream/feed_flat_http.go:38.2,39.16 2 0
github.com/mrhenry/go-getstream/feed_flat_http.go:44.2,45.21 2 0
github.com/mrhenry/go-getstream/feed_flat_http.go:50.2,51.16 2 0
github.com/mrhenry/go-getstream/feed_flat_http.go:54.2,58.16 3 0
github.com/mrhenry/go-getstream/feed_flat_http.go:63.2,63.9 1 0
github.com/mrhenry/go-getstream/feed_flat_http.go:33.16,35.3 1 0
github.com/mrhenry/go-getstream/feed_flat_http.go:39.16,41.3 1 0
github.com/mrhenry/go-getstream/feed_flat_http.go:45.21,47.3 1 0
github.com/mrhenry/go-getstream/feed_flat_http.go:51.16,53.3 1 0
github.com/mrhenry/go-getstream/feed_flat_http.go:58.16,60.3 1 0
github.com/mrhenry/go-getstream/feed_flat_http.go:64.2,65.18 1 0
github.com/mrhenry/go-getstream/feed_flat_http.go:68.3,68.18 1 0
github.com/mrhenry/go-getstream/feed_flat_http.go:69.2,72.17 3 0
github.com/mrhenry/go-getstream/feed_flat_http.go:75.3,75.23 1 0
github.com/mrhenry/go-getstream/feed_flat_http.go:65.18,67.4 1 0
github.com/mrhenry/go-getstream/feed_flat_http.go:72.17,74.4 1 0
github.com/mrhenry/go-getstream/feed_flat_io.go:28.71,39.23 2 0
github.com/mrhenry/go-getstream/feed_flat_io.go:51.2,53.24 2 0
github.com/mrhenry/go-getstream/feed_flat_io.go:59.2,59.28 1 0
github.com/mrhenry/go-getstream/feed_flat_io.go:67.2,67.20 1 0
github.com/mrhenry/go-getstream/feed_flat_io.go:39.23,41.17 2 0
github.com/mrhenry/go-getstream/feed_flat_io.go:44.3,44.34 1 0
github.com/mrhenry/go-getstream/feed_flat_io.go:48.3,48.32 1 0
github.com/mrhenry/go-getstream/feed_flat_io.go:41.17,43.4 1 0
github.com/mrhenry/go-getstream/feed_flat_io.go:44.34,46.4 1 0
github.com/mrhenry/go-getstream/feed_flat_io.go:53.24,55.3 1 0
github.com/mrhenry/go-getstream/feed_flat_io.go:55.3,57.3 1 0
github.com/mrhenry/go-getstream/feed_flat_io.go:59.28,61.25 2 0
github.com/mrhenry/go-getstream/feed_flat_io.go:64.3,64.34 1 0
github.com/mrhenry/go-getstream/feed_flat_io.go:61.25,63.4 1 0
github.com/mrhenry/go-getstream/feed_flat_io.go:98.66,110.21 2 0
github.com/mrhenry/go-getstream/feed_flat_io.go:117.2,117.29 1 0
github.com/mrhenry/go-getstream/feed_flat_io.go:120.2,120.18 1 0
github.com/mrhenry/go-getstream/feed_flat_io.go:110.21,112.17 2 0
github.com/mrhenry/go-getstream/feed_flat_io.go:112.17,114.4 1 0
github.com/mrhenry/go-getstream/feed_flat_io.go:117.29,119.3 1 0
github.com/mrhenry/go-getstream/feed_flat_io.go:149.56,156.40 2 0
github.com/mrhenry/go-getstream/feed_flat_io.go:160.2,160.16 1 0
github.com/mrhenry/go-getstream/feed_flat_io.go:156.40,158.3 1 0
github.com/mrhenry/go-getstream/feed_flat_io.go:175.65,187.21 2 0
github.com/mrhenry/go-getstream/feed_flat_io.go:194.2,196.18 2 0
github.com/mrhenry/go-getstream/feed_flat_io.go:187.21,189.17 2 0
github.com/mrhenry/go-getstream/feed_flat_io.go:189.17,191.4 1 0
github.com/mrhenry/go-getstream/feed_flat_io.go:199.69,201.24 1 0
github.com/mrhenry/go-getstream/feed_flat_io.go:201.24,206.17 3 0
github.com/mrhenry/go-getstream/feed_flat_io.go:210.3,210.12 1 0
github.com/mrhenry/go-getstream/feed_flat_io.go:219.3,219.43 1 0
github.com/mrhenry/go-getstream/feed_flat_io.go:206.17,207.12 1 0
github.com/mrhenry/go-getstream/feed_flat_io.go:210.12,217.4 5 0
github.com/mrhenry/go-getstream/feed.go:26.42,27.21 1 1
github.com/mrhenry/go-getstream/feed.go:30.2,30.48 1 1
github.com/mrhenry/go-getstream/feed.go:27.21,29.3 1 1
github.com/mrhenry/go-getstream/feed.go:34.39,36.2 1 1
github.com/mrhenry/go-getstream/feed.go:39.48,41.2 1 1
github.com/mrhenry/go-getstream/feed.go:44.38,46.2 1 1
github.com/mrhenry/go-getstream/feed.go:49.60,51.2 1 1
github.com/mrhenry/go-getstream/feed_notification.go:20.47,21.21 1 1
github.com/mrhenry/go-getstream/feed_notification.go:24.2,24.48 1 1
github.com/mrhenry/go-getstream/feed_notification.go:21.21,23.3 1 1
github.com/mrhenry/go-getstream/feed_notification.go:28.44,30.2 1 1
github.com/mrhenry/go-getstream/feed_notification.go:33.53,35.2 1 1
github.com/mrhenry/go-getstream/feed_notification.go:38.43,40.2 1 1
github.com/mrhenry/go-getstream/feed_notification.go:43.65,45.2 1 1
github.com/mrhenry/go-getstream/feed_notification.go:48.111,51.16 2 0
github.com/mrhenry/go-getstream/feed_notification.go:55.2,56.16 2 0
github.com/mrhenry/go-getstream/feed_notification.go:60.2,63.16 3 0
github.com/mrhenry/go-getstream/feed_notification.go:67.2,69.16 3 0
github.com/mrhenry/go-getstream/feed_notification.go:73.2,73.31 1 0
github.com/mrhenry/go-getstream/feed_notification.go:51.16,53.3 1 0
github.com/mrhenry/go-getstream/feed_notification.go:56.16,58.3 1 0
github.com/mrhenry/go-getstream/feed_notification.go:63.16,65.3 1 0
github.com/mrhenry/go-getstream/feed_notification.go:69.16,71.3 1 0
github.com/mrhenry/go-getstream/feed_notification.go:77.119,81.38 2 0
github.com/mrhenry/go-getstream/feed_notification.go:89.2,92.16 2 0
github.com/mrhenry/go-getstream/feed_notification.go:96.2,99.16 3 0
github.com/mrhenry/go-getstream/feed_notification.go:103.2,105.16 3 0
github.com/mrhenry/go-getstream/feed_notification.go:109.2,110.51 2 0
github.com/mrhenry/go-getstream/feed_notification.go:115.2,115.30 1 0
github.com/mrhenry/go-getstream/feed_notification.go:81.38,83.17 2 0
github.com/mrhenry/go-getstream/feed_notification.go:86.3,86.36 1 0
github.com/mrhenry/go-getstream/feed_notification.go:83.17,85.4 1 0
github.com/mrhenry/go-getstream/feed_notification.go:92.16,94.3 1 0
github.com/mrhenry/go-getstream/feed_notification.go:99.16,101.3 1 0
github.com/mrhenry/go-getstream/feed_notification.go:105.16,107.3 1 0
github.com/mrhenry/go-getstream/feed_notification.go:110.51,113.3 2 0
github.com/mrhenry/go-getstream/feed_notification.go:119.108,122.16 2 0
github.com/mrhenry/go-getstream/feed_notification.go:126.2,129.16 3 0
github.com/mrhenry/go-getstream/feed_notification.go:133.2,135.16 3 0
github.com/mrhenry/go-getstream/feed_notification.go:139.2,139.29 1 0
github.com/mrhenry/go-getstream/feed_notification.go:122.16,124.3 1 0
github.com/mrhenry/go-getstream/feed_notification.go:129.16,131.3 1 0
github.com/mrhenry/go-getstream/feed_notification.go:135.16,137.3 1 0
github.com/mrhenry/go-getstream/feed_notification.go:143.82,148.2 2 0
github.com/mrhenry/go-getstream/feed_notification.go:151.93,154.16 2 0
github.com/mrhenry/go-getstream/feed_notification.go:157.2,157.37 1 0
github.com/mrhenry/go-getstream/feed_notification.go:161.2,161.27 1 0
github.com/mrhenry/go-getstream/feed_notification.go:165.2,170.16 3 0
github.com/mrhenry/go-getstream/feed_notification.go:174.2,174.48 1 0
github.com/mrhenry/go-getstream/feed_notification.go:154.16,156.3 1 0
github.com/mrhenry/go-getstream/feed_notification.go:157.37,159.3 1 0
github.com/mrhenry/go-getstream/feed_notification.go:161.27,163.3 1 0
github.com/mrhenry/go-getstream/feed_notification.go:170.16,172.3 1 0
github.com/mrhenry/go-getstream/feed_notification.go:179.91,188.16 4 0
github.com/mrhenry/go-getstream/feed_notification.go:192.2,193.12 2 0
github.com/mrhenry/go-getstream/feed_notification.go:188.16,190.3 1 0
github.com/mrhenry/go-getstream/feed_notification.go:198.61,204.2 2 0
github.com/mrhenry/go-getstream/feed_notification.go:208.75,215.16 3 0
github.com/mrhenry/go-getstream/feed_notification.go:219.2,219.48 1 0
github.com/mrhenry/go-getstream/feed_notification.go:215.16,217.3 1 0
github.com/mrhenry/go-getstream/feed_notification.go:224.99,232.16 3 0
github.com/mrhenry/go-getstream/feed_notification.go:236.2,240.16 4 0
github.com/mrhenry/go-getstream/feed_notification.go:244.2,245.40 2 0
github.com/mrhenry/go-getstream/feed_notification.go:264.2,264.25 1 0
github.com/mrhenry/go-getstream/feed_notification.go:232.16,234.3 1 0
github.com/mrhenry/go-getstream/feed_notification.go:240.16,242.3 1 0
github.com/mrhenry/go-getstream/feed_notification.go:245.40,250.17 3 0
github.com/mrhenry/go-getstream/feed_notification.go:254.3,254.12 1 0
github.com/mrhenry/go-getstream/feed_notification.go:261.3,261.43 1 0
github.com/mrhenry/go-getstream/feed_notification.go:250.17,251.12 1 0
github.com/mrhenry/go-getstream/feed_notification.go:254.12,259.4 3 0
github.com/mrhenry/go-getstream/feed_notification_http.go:12.95,15.2 2 0
github.com/mrhenry/go-getstream/feed_notification_http.go:18.96,21.2 2 0
github.com/mrhenry/go-getstream/feed_notification_http.go:24.85,27.2 2 0
github.com/mrhenry/go-getstream/feed_notification_http.go:30.107,34.16 2 0
github.com/mrhenry/go-getstream/feed_notification_http.go:39.2,40.16 2 0
github.com/mrhenry/go-getstream/feed_notification_http.go:45.2,46.21 2 0
github.com/mrhenry/go-getstream/feed_notification_http.go:51.2,52.16 2 0
github.com/mrhenry/go-getstream/feed_notification_http.go:55.2,59.16 3 0
github.com/mrhenry/go-getstream/feed_notification_http.go:63.2,66.9 2 0
github.com/mrhenry/go-getstream/feed_notification_http.go:34.16,36.3 1 0
github.com/mrhenry/go-getstream/feed_notification_http.go:40.16,42.3 1 0
github.com/mrhenry/go-getstream/feed_notification_http.go:46.21,48.3 1 0
github.com/mrhenry/go-getstream/feed_notification_http.go:52.16,54.3 1 0
github.com/mrhenry/go-getstream/feed_notification_http.go:59.16,61.3 1 0
github.com/mrhenry/go-getstream/feed_notification_http.go:67.2,68.18 1 0
github.com/mrhenry/go-getstream/feed_notification_http.go:71.3,71.18 1 0
github.com/mrhenry/go-getstream/feed_notification_http.go:72.2,75.17 3 0
github.com/mrhenry/go-getstream/feed_notification_http.go:78.3,78.23 1 0
github.com/mrhenry/go-getstream/feed_notification_http.go:68.18,70.4 1 0
github.com/mrhenry/go-getstream/feed_notification_http.go:75.17,77.4 1 0
github.com/mrhenry/go-getstream/feed_notification_io.go:29.87,40.23 2 0
github.com/mrhenry/go-getstream/feed_notification_io.go:52.2,54.24 2 0
github.com/mrhenry/go-getstream/feed_notification_io.go:60.2,60.28 1 0
github.com/mrhenry/go-getstream/feed_notification_io.go:68.2,68.20 1 0
github.com/mrhenry/go-getstream/feed_notification_io.go:40.23,42.17 2 0
github.com/mrhenry/go-getstream/feed_notification_io.go:45.3,45.34 1 0
github.com/mrhenry/go-getstream/feed_notification_io.go:49.3,49.32 1 0
github.com/mrhenry/go-getstream/feed_notification_io.go:42.17,44.4 1 0
github.com/mrhenry/go-getstream/feed_notification_io.go:45.34,47.4 1 0
github.com/mrhenry/go-getstream/feed_notification_io.go:54.24,56.3 1 0
github.com/mrhenry/go-getstream/feed_notification_io.go:56.3,58.3 1 0
github.com/mrhenry/go-getstream/feed_notification_io.go:60.28,62.25 2 0
github.com/mrhenry/go-getstream/feed_notification_io.go:65.3,65.34 1 0
github.com/mrhenry/go-getstream/feed_notification_io.go:62.25,64.4 1 0
github.com/mrhenry/go-getstream/feed_notification_io.go:99.82,111.21 2 0
github.com/mrhenry/go-getstream/feed_notification_io.go:118.2,118.29 1 0
github.com/mrhenry/go-getstream/feed_notification_io.go:121.2,121.18 1 0
github.com/mrhenry/go-getstream/feed_notification_io.go:111.21,113.17 2 0
github.com/mrhenry/go-getstream/feed_notification_io.go:113.17,115.4 1 0
github.com/mrhenry/go-getstream/feed_notification_io.go:118.29,120.3 1 0
github.com/mrhenry/go-getstream/feed_notification_io.go:165.72,187.35 3 0
github.com/mrhenry/go-getstream/feed_notification_io.go:219.2,221.16 2 0
github.com/mrhenry/go-getstream/feed_notification_io.go:187.35,212.46 2 0
github.com/mrhenry/go-getstream/feed_notification_io.go:216.3,216.43 1 0
github.com/mrhenry/go-getstream/feed_notification_io.go:212.46,214.4 1 0
github.com/mrhenry/go-getstream/feed_notification_io.go:250.81,263.21 2 0
github.com/mrhenry/go-getstream/feed_notification_io.go:270.2,272.18 2 0
github.com/mrhenry/go-getstream/feed_notification_io.go:263.21,265.17 2 0
github.com/mrhenry/go-getstream/feed_notification_io.go:265.17,267.4 1 0
github.com/mrhenry/go-getstream/feed_notification_io.go:275.85,277.24 1 0
github.com/mrhenry/go-getstream/feed_notification_io.go:277.24,282.17 3 0
github.com/mrhenry/go-getstream/feed_notification_io.go:286.3,286.12 1 0
github.com/mrhenry/go-getstream/feed_notification_io.go:295.3,295.43 1 0
github.com/mrhenry/go-getstream/feed_notification_io.go:282.17,283.12 1 0
github.com/mrhenry/go-getstream/feed_notification_io.go:286.12,293.4 5 0
